mode: set
github.com/nilesh32236/vector-mcp-go/internal/chat/store.go:32.47,34.51 2 1
github.com/nilesh32236/vector-mcp-go/internal/chat/store.go:34.51,36.3 1 0
github.com/nilesh32236/vector-mcp-go/internal/chat/store.go:37.2,39.8 1 1
github.com/nilesh32236/vector-mcp-go/internal/chat/store.go:42.47,44.2 1 1
github.com/nilesh32236/vector-mcp-go/internal/chat/store.go:46.62,66.16 8 1
github.com/nilesh32236/vector-mcp-go/internal/chat/store.go:66.16,68.3 1 0
github.com/nilesh32236/vector-mcp-go/internal/chat/store.go:70.2,70.68 1 1
github.com/nilesh32236/vector-mcp-go/internal/chat/store.go:70.68,72.3 1 0
github.com/nilesh32236/vector-mcp-go/internal/chat/store.go:74.2,74.18 1 1
github.com/nilesh32236/vector-mcp-go/internal/chat/store.go:77.63,82.16 4 1
github.com/nilesh32236/vector-mcp-go/internal/chat/store.go:82.16,83.25 1 1
github.com/nilesh32236/vector-mcp-go/internal/chat/store.go:83.25,85.4 1 1
github.com/nilesh32236/vector-mcp-go/internal/chat/store.go:86.3,86.78 1 0
github.com/nilesh32236/vector-mcp-go/internal/chat/store.go:89.2,90.52 2 1
github.com/nilesh32236/vector-mcp-go/internal/chat/store.go:90.52,92.3 1 0
github.com/nilesh32236/vector-mcp-go/internal/chat/store.go:94.2,94.18 1 1
github.com/nilesh32236/vector-mcp-go/internal/chat/store.go:97.51,102.16 4 1
github.com/nilesh32236/vector-mcp-go/internal/chat/store.go:102.16,104.3 1 0
github.com/nilesh32236/vector-mcp-go/internal/chat/store.go:106.2,107.32 2 1
github.com/nilesh32236/vector-mcp-go/internal/chat/store.go:107.32,108.61 1 1
github.com/nilesh32236/vector-mcp-go/internal/chat/store.go:108.61,109.12 1 1
github.com/nilesh32236/vector-mcp-go/internal/chat/store.go:112.3,113.17 2 1
github.com/nilesh32236/vector-mcp-go/internal/chat/store.go:113.17,114.12 1 0
github.com/nilesh32236/vector-mcp-go/internal/chat/store.go:117.3,118.53 2 1
github.com/nilesh32236/vector-mcp-go/internal/chat/store.go:118.53,119.12 1 1
github.com/nilesh32236/vector-mcp-go/internal/chat/store.go:122.3,122.44 1 1
github.com/nilesh32236/vector-mcp-go/internal/chat/store.go:125.2,125.22 1 1
github.com/nilesh32236/vector-mcp-go/internal/chat/store.go:128.48,133.16 4 1
github.com/nilesh32236/vector-mcp-go/internal/chat/store.go:133.16,134.25 1 1
github.com/nilesh32236/vector-mcp-go/internal/chat/store.go:134.25,136.4 1 1
github.com/nilesh32236/vector-mcp-go/internal/chat/store.go:137.3,137.57 1 0
github.com/nilesh32236/vector-mcp-go/internal/chat/store.go:139.2,139.12 1 1
github.com/nilesh32236/vector-mcp-go/internal/chat/store.go:142.65,148.16 5 1
github.com/nilesh32236/vector-mcp-go/internal/chat/store.go:148.16,150.3 1 1
github.com/nilesh32236/vector-mcp-go/internal/chat/store.go:152.2,153.52 2 1
github.com/nilesh32236/vector-mcp-go/internal/chat/store.go:153.52,155.3 1 0
github.com/nilesh32236/vector-mcp-go/internal/chat/store.go:157.2,161.16 4 1
github.com/nilesh32236/vector-mcp-go/internal/chat/store.go:161.16,163.3 1 0
github.com/nilesh32236/vector-mcp-go/internal/chat/store.go:165.2,165.58 1 1
github.com/nilesh32236/vector-mcp-go/internal/chat/store.go:165.58,167.3 1 0
github.com/nilesh32236/vector-mcp-go/internal/chat/store.go:169.2,169.12 1 1
