mode: set
github.com/nilesh32236/vector-mcp-go/internal/indexer/chunker.go:38.57,43.32 4 1
github.com/nilesh32236/vector-mcp-go/internal/indexer/chunker.go:43.32,45.3 1 1
github.com/nilesh32236/vector-mcp-go/internal/indexer/chunker.go:45.8,47.3 1 1
github.com/nilesh32236/vector-mcp-go/internal/indexer/chunker.go:49.2,49.24 1 1
github.com/nilesh32236/vector-mcp-go/internal/indexer/chunker.go:49.24,53.33 3 1
github.com/nilesh32236/vector-mcp-go/internal/indexer/chunker.go:53.33,55.4 1 1
github.com/nilesh32236/vector-mcp-go/internal/indexer/chunker.go:57.3,58.31 2 1
github.com/nilesh32236/vector-mcp-go/internal/indexer/chunker.go:58.31,60.4 1 1
github.com/nilesh32236/vector-mcp-go/internal/indexer/chunker.go:62.3,63.65 1 1
github.com/nilesh32236/vector-mcp-go/internal/indexer/chunker.go:65.2,65.15 1 1
github.com/nilesh32236/vector-mcp-go/internal/indexer/chunker.go:68.45,69.13 1 1
github.com/nilesh32236/vector-mcp-go/internal/indexer/chunker.go:70.65,71.14 1 1
github.com/nilesh32236/vector-mcp-go/internal/indexer/chunker.go:73.2,73.14 1 1
github.com/nilesh32236/vector-mcp-go/internal/indexer/chunker.go:76.63,80.13 3 1
github.com/nilesh32236/vector-mcp-go/internal/indexer/chunker.go:81.13,82.30 1 1
github.com/nilesh32236/vector-mcp-go/internal/indexer/chunker.go:83.21,84.34 1 0
github.com/nilesh32236/vector-mcp-go/internal/indexer/chunker.go:85.13,86.34 1 0
github.com/nilesh32236/vector-mcp-go/internal/indexer/chunker.go:87.14,88.27 1 0
github.com/nilesh32236/vector-mcp-go/internal/indexer/chunker.go:89.14,90.27 1 0
github.com/nilesh32236/vector-mcp-go/internal/indexer/chunker.go:91.13,92.30 1 0
github.com/nilesh32236/vector-mcp-go/internal/indexer/chunker.go:93.13,94.28 1 0
github.com/nilesh32236/vector-mcp-go/internal/indexer/chunker.go:95.10,96.28 1 0
github.com/nilesh32236/vector-mcp-go/internal/indexer/chunker.go:99.2,103.17 5 1
github.com/nilesh32236/vector-mcp-go/internal/indexer/chunker.go:103.17,105.3 1 0
github.com/nilesh32236/vector-mcp-go/internal/indexer/chunker.go:106.2,111.13 4 1
github.com/nilesh32236/vector-mcp-go/internal/indexer/chunker.go:112.13,118.4 1 1
github.com/nilesh32236/vector-mcp-go/internal/indexer/chunker.go:119.36,130.4 1 0
github.com/nilesh32236/vector-mcp-go/internal/indexer/chunker.go:131.14,138.4 1 0
github.com/nilesh32236/vector-mcp-go/internal/indexer/chunker.go:139.13,143.4 1 0
github.com/nilesh32236/vector-mcp-go/internal/indexer/chunker.go:144.13,151.4 1 0
github.com/nilesh32236/vector-mcp-go/internal/indexer/chunker.go:154.2,157.31 3 1
github.com/nilesh32236/vector-mcp-go/internal/indexer/chunker.go:157.31,158.18 1 1
github.com/nilesh32236/vector-mcp-go/internal/indexer/chunker.go:158.18,160.18 2 1
github.com/nilesh32236/vector-mcp-go/internal/indexer/chunker.go:160.18,162.5 1 0
github.com/nilesh32236/vector-mcp-go/internal/indexer/chunker.go:163.4,170.8 5 1
github.com/nilesh32236/vector-mcp-go/internal/indexer/chunker.go:170.8,172.12 2 1
github.com/nilesh32236/vector-mcp-go/internal/indexer/chunker.go:172.12,173.11 1 1
github.com/nilesh32236/vector-mcp-go/internal/indexer/chunker.go:176.5,179.44 3 1
github.com/nilesh32236/vector-mcp-go/internal/indexer/chunker.go:179.44,181.33 2 1
github.com/nilesh32236/vector-mcp-go/internal/indexer/chunker.go:181.33,183.7 1 1
github.com/nilesh32236/vector-mcp-go/internal/indexer/chunker.go:183.12,183.68 1 1
github.com/nilesh32236/vector-mcp-go/internal/indexer/chunker.go:183.68,185.7 1 1
github.com/nilesh32236/vector-mcp-go/internal/indexer/chunker.go:188.5,188.26 1 1
github.com/nilesh32236/vector-mcp-go/internal/indexer/chunker.go:188.26,193.20 4 1
github.com/nilesh32236/vector-mcp-go/internal/indexer/chunker.go:193.20,197.26 3 1
github.com/nilesh32236/vector-mcp-go/internal/indexer/chunker.go:197.26,199.8 1 1
github.com/nilesh32236/vector-mcp-go/internal/indexer/chunker.go:201.7,217.9 4 1
github.com/nilesh32236/vector-mcp-go/internal/indexer/chunker.go:225.2,225.42 1 1
github.com/nilesh32236/vector-mcp-go/internal/indexer/chunker.go:225.42,226.43 1 0
github.com/nilesh32236/vector-mcp-go/internal/indexer/chunker.go:226.43,228.4 1 0
github.com/nilesh32236/vector-mcp-go/internal/indexer/chunker.go:229.3,229.41 1 0
github.com/nilesh32236/vector-mcp-go/internal/indexer/chunker.go:232.2,233.28 2 1
github.com/nilesh32236/vector-mcp-go/internal/indexer/chunker.go:233.28,235.31 2 1
github.com/nilesh32236/vector-mcp-go/internal/indexer/chunker.go:235.31,236.46 1 0
github.com/nilesh32236/vector-mcp-go/internal/indexer/chunker.go:236.46,238.10 2 0
github.com/nilesh32236/vector-mcp-go/internal/indexer/chunker.go:241.3,241.19 1 1
github.com/nilesh32236/vector-mcp-go/internal/indexer/chunker.go:241.19,243.4 1 1
github.com/nilesh32236/vector-mcp-go/internal/indexer/chunker.go:247.2,251.30 4 1
github.com/nilesh32236/vector-mcp-go/internal/indexer/chunker.go:251.30,253.25 1 1
github.com/nilesh32236/vector-mcp-go/internal/indexer/chunker.go:253.25,255.43 2 1
github.com/nilesh32236/vector-mcp-go/internal/indexer/chunker.go:255.43,263.5 2 1
github.com/nilesh32236/vector-mcp-go/internal/indexer/chunker.go:265.3,265.19 1 1
github.com/nilesh32236/vector-mcp-go/internal/indexer/chunker.go:269.2,269.33 1 1
github.com/nilesh32236/vector-mcp-go/internal/indexer/chunker.go:269.33,271.42 2 1
github.com/nilesh32236/vector-mcp-go/internal/indexer/chunker.go:271.42,279.4 2 0
github.com/nilesh32236/vector-mcp-go/internal/indexer/chunker.go:283.2,283.28 1 1
github.com/nilesh32236/vector-mcp-go/internal/indexer/chunker.go:283.28,285.3 1 1
github.com/nilesh32236/vector-mcp-go/internal/indexer/chunker.go:287.2,287.25 1 1
github.com/nilesh32236/vector-mcp-go/internal/indexer/chunker.go:287.25,289.3 1 0
github.com/nilesh32236/vector-mcp-go/internal/indexer/chunker.go:291.2,291.18 1 1
github.com/nilesh32236/vector-mcp-go/internal/indexer/chunker.go:294.31,296.2 1 1
github.com/nilesh32236/vector-mcp-go/internal/indexer/chunker.go:298.37,303.28 4 1
github.com/nilesh32236/vector-mcp-go/internal/indexer/chunker.go:303.28,305.3 1 1
github.com/nilesh32236/vector-mcp-go/internal/indexer/chunker.go:307.2,308.30 2 1
github.com/nilesh32236/vector-mcp-go/internal/indexer/chunker.go:308.30,310.23 2 1
github.com/nilesh32236/vector-mcp-go/internal/indexer/chunker.go:310.23,312.4 1 1
github.com/nilesh32236/vector-mcp-go/internal/indexer/chunker.go:314.3,323.12 6 1
github.com/nilesh32236/vector-mcp-go/internal/indexer/chunker.go:323.12,326.4 2 1
github.com/nilesh32236/vector-mcp-go/internal/indexer/chunker.go:328.3,330.24 2 1
github.com/nilesh32236/vector-mcp-go/internal/indexer/chunker.go:330.24,331.9 1 1
github.com/nilesh32236/vector-mcp-go/internal/indexer/chunker.go:333.3,333.28 1 1
github.com/nilesh32236/vector-mcp-go/internal/indexer/chunker.go:335.2,335.15 1 1
github.com/nilesh32236/vector-mcp-go/internal/indexer/chunker.go:338.70,342.34 4 1
github.com/nilesh32236/vector-mcp-go/internal/indexer/chunker.go:342.34,343.15 1 1
github.com/nilesh32236/vector-mcp-go/internal/indexer/chunker.go:343.15,345.4 1 0
github.com/nilesh32236/vector-mcp-go/internal/indexer/chunker.go:346.3,347.64 2 1
github.com/nilesh32236/vector-mcp-go/internal/indexer/chunker.go:347.64,348.45 1 1
github.com/nilesh32236/vector-mcp-go/internal/indexer/chunker.go:348.45,351.74 3 1
github.com/nilesh32236/vector-mcp-go/internal/indexer/chunker.go:351.74,353.6 1 0
github.com/nilesh32236/vector-mcp-go/internal/indexer/chunker.go:353.11,353.72 1 1
github.com/nilesh32236/vector-mcp-go/internal/indexer/chunker.go:353.72,354.32 1 1
github.com/nilesh32236/vector-mcp-go/internal/indexer/chunker.go:354.32,356.94 2 1
github.com/nilesh32236/vector-mcp-go/internal/indexer/chunker.go:356.94,358.8 1 1
github.com/nilesh32236/vector-mcp-go/internal/indexer/chunker.go:364.3,364.44 1 1
github.com/nilesh32236/vector-mcp-go/internal/indexer/chunker.go:364.44,366.4 1 1
github.com/nilesh32236/vector-mcp-go/internal/indexer/chunker.go:368.2,371.29 3 1
github.com/nilesh32236/vector-mcp-go/internal/indexer/chunker.go:371.29,373.3 1 1
github.com/nilesh32236/vector-mcp-go/internal/indexer/chunker.go:374.2,375.14 2 1
github.com/nilesh32236/vector-mcp-go/internal/indexer/chunker.go:378.71,382.15 3 1
github.com/nilesh32236/vector-mcp-go/internal/indexer/chunker.go:382.15,384.3 1 0
github.com/nilesh32236/vector-mcp-go/internal/indexer/chunker.go:384.8,384.23 1 1
github.com/nilesh32236/vector-mcp-go/internal/indexer/chunker.go:384.23,386.3 1 0
github.com/nilesh32236/vector-mcp-go/internal/indexer/chunker.go:388.2,389.14 2 1
github.com/nilesh32236/vector-mcp-go/internal/indexer/chunker.go:392.59,394.68 2 1
github.com/nilesh32236/vector-mcp-go/internal/indexer/chunker.go:394.68,397.29 3 1
github.com/nilesh32236/vector-mcp-go/internal/indexer/chunker.go:397.29,398.18 1 1
github.com/nilesh32236/vector-mcp-go/internal/indexer/chunker.go:398.18,400.5 1 1
github.com/nilesh32236/vector-mcp-go/internal/indexer/chunker.go:403.3,405.34 3 1
github.com/nilesh32236/vector-mcp-go/internal/indexer/chunker.go:405.34,406.18 1 1
github.com/nilesh32236/vector-mcp-go/internal/indexer/chunker.go:406.18,408.32 2 1
github.com/nilesh32236/vector-mcp-go/internal/indexer/chunker.go:408.32,410.6 1 1
github.com/nilesh32236/vector-mcp-go/internal/indexer/chunker.go:413.8,413.25 1 1
github.com/nilesh32236/vector-mcp-go/internal/indexer/chunker.go:413.25,416.29 3 1
github.com/nilesh32236/vector-mcp-go/internal/indexer/chunker.go:416.29,417.18 1 1
github.com/nilesh32236/vector-mcp-go/internal/indexer/chunker.go:417.18,419.5 1 1
github.com/nilesh32236/vector-mcp-go/internal/indexer/chunker.go:422.3,424.28 3 1
github.com/nilesh32236/vector-mcp-go/internal/indexer/chunker.go:424.28,425.18 1 1
github.com/nilesh32236/vector-mcp-go/internal/indexer/chunker.go:425.18,429.37 4 1
github.com/nilesh32236/vector-mcp-go/internal/indexer/chunker.go:429.37,430.21 1 1
github.com/nilesh32236/vector-mcp-go/internal/indexer/chunker.go:430.21,432.7 1 1
github.com/nilesh32236/vector-mcp-go/internal/indexer/chunker.go:436.8,436.26 1 1
github.com/nilesh32236/vector-mcp-go/internal/indexer/chunker.go:436.26,439.29 3 1
github.com/nilesh32236/vector-mcp-go/internal/indexer/chunker.go:439.29,440.18 1 1
github.com/nilesh32236/vector-mcp-go/internal/indexer/chunker.go:440.18,442.5 1 1
github.com/nilesh32236/vector-mcp-go/internal/indexer/chunker.go:445.3,447.32 3 1
github.com/nilesh32236/vector-mcp-go/internal/indexer/chunker.go:447.32,448.18 1 1
github.com/nilesh32236/vector-mcp-go/internal/indexer/chunker.go:448.18,450.29 2 1
github.com/nilesh32236/vector-mcp-go/internal/indexer/chunker.go:450.29,452.6 1 1
github.com/nilesh32236/vector-mcp-go/internal/indexer/chunker.go:457.2,459.30 3 1
github.com/nilesh32236/vector-mcp-go/internal/indexer/chunker.go:459.30,460.17 1 1
github.com/nilesh32236/vector-mcp-go/internal/indexer/chunker.go:460.17,463.4 2 1
github.com/nilesh32236/vector-mcp-go/internal/indexer/chunker.go:465.2,465.15 1 1
github.com/nilesh32236/vector-mcp-go/internal/indexer/chunker.go:468.37,474.21 5 1
github.com/nilesh32236/vector-mcp-go/internal/indexer/chunker.go:474.21,476.3 1 1
github.com/nilesh32236/vector-mcp-go/internal/indexer/chunker.go:478.2,478.30 1 1
github.com/nilesh32236/vector-mcp-go/internal/indexer/chunker.go:478.30,480.23 2 1
github.com/nilesh32236/vector-mcp-go/internal/indexer/chunker.go:480.23,482.4 1 1
github.com/nilesh32236/vector-mcp-go/internal/indexer/chunker.go:484.3,495.24 5 1
github.com/nilesh32236/vector-mcp-go/internal/indexer/chunker.go:495.24,496.9 1 1
github.com/nilesh32236/vector-mcp-go/internal/indexer/chunker.go:499.3,499.29 1 1
github.com/nilesh32236/vector-mcp-go/internal/indexer/chunker.go:501.2,501.15 1 1
github.com/nilesh32236/vector-mcp-go/internal/indexer/resolver.go:16.58,27.2 4 0
github.com/nilesh32236/vector-mcp-go/internal/indexer/resolver.go:30.38,37.34 6 1
github.com/nilesh32236/vector-mcp-go/internal/indexer/resolver.go:37.34,40.20 2 1
github.com/nilesh32236/vector-mcp-go/internal/indexer/resolver.go:40.20,41.17 1 1
github.com/nilesh32236/vector-mcp-go/internal/indexer/resolver.go:41.17,44.5 2 1
github.com/nilesh32236/vector-mcp-go/internal/indexer/resolver.go:45.4,45.12 1 1
github.com/nilesh32236/vector-mcp-go/internal/indexer/resolver.go:48.3,48.21 1 1
github.com/nilesh32236/vector-mcp-go/internal/indexer/resolver.go:48.21,49.57 1 1
github.com/nilesh32236/vector-mcp-go/internal/indexer/resolver.go:49.57,52.5 2 1
github.com/nilesh32236/vector-mcp-go/internal/indexer/resolver.go:53.4,53.12 1 1
github.com/nilesh32236/vector-mcp-go/internal/indexer/resolver.go:56.3,56.15 1 1
github.com/nilesh32236/vector-mcp-go/internal/indexer/resolver.go:56.15,58.52 2 1
github.com/nilesh32236/vector-mcp-go/internal/indexer/resolver.go:58.52,60.5 1 1
github.com/nilesh32236/vector-mcp-go/internal/indexer/resolver.go:61.4,61.26 1 1
github.com/nilesh32236/vector-mcp-go/internal/indexer/resolver.go:61.26,63.5 1 1
github.com/nilesh32236/vector-mcp-go/internal/indexer/resolver.go:66.3,66.16 1 1
github.com/nilesh32236/vector-mcp-go/internal/indexer/resolver.go:66.16,67.36 1 1
github.com/nilesh32236/vector-mcp-go/internal/indexer/resolver.go:67.36,68.26 1 1
github.com/nilesh32236/vector-mcp-go/internal/indexer/resolver.go:68.26,71.14 3 1
github.com/nilesh32236/vector-mcp-go/internal/indexer/resolver.go:73.5,73.26 1 1
github.com/nilesh32236/vector-mcp-go/internal/indexer/resolver.go:73.26,76.14 3 1
github.com/nilesh32236/vector-mcp-go/internal/indexer/resolver.go:81.3,81.22 1 1
github.com/nilesh32236/vector-mcp-go/internal/indexer/resolver.go:84.2,84.24 1 1
github.com/nilesh32236/vector-mcp-go/internal/indexer/resolver.go:87.45,90.16 3 0
github.com/nilesh32236/vector-mcp-go/internal/indexer/resolver.go:90.16,92.3 1 0
github.com/nilesh32236/vector-mcp-go/internal/indexer/resolver.go:94.2,101.67 3 0
github.com/nilesh32236/vector-mcp-go/internal/indexer/resolver.go:101.67,103.3 1 0
github.com/nilesh32236/vector-mcp-go/internal/indexer/resolver.go:105.2,105.59 1 0
github.com/nilesh32236/vector-mcp-go/internal/indexer/resolver.go:105.59,106.23 1 0
github.com/nilesh32236/vector-mcp-go/internal/indexer/resolver.go:106.23,112.4 4 0
github.com/nilesh32236/vector-mcp-go/internal/indexer/resolver.go:116.47,119.52 2 0
github.com/nilesh32236/vector-mcp-go/internal/indexer/resolver.go:119.52,123.30 4 0
github.com/nilesh32236/vector-mcp-go/internal/indexer/resolver.go:123.30,125.44 2 0
github.com/nilesh32236/vector-mcp-go/internal/indexer/resolver.go:125.44,127.13 2 0
github.com/nilesh32236/vector-mcp-go/internal/indexer/resolver.go:129.4,129.51 1 0
github.com/nilesh32236/vector-mcp-go/internal/indexer/resolver.go:129.51,133.5 3 0
github.com/nilesh32236/vector-mcp-go/internal/indexer/resolver.go:138.2,139.51 2 0
github.com/nilesh32236/vector-mcp-go/internal/indexer/resolver.go:139.51,143.52 2 0
github.com/nilesh32236/vector-mcp-go/internal/indexer/resolver.go:143.52,144.43 1 0
github.com/nilesh32236/vector-mcp-go/internal/indexer/resolver.go:144.43,146.5 1 0
github.com/nilesh32236/vector-mcp-go/internal/indexer/resolver.go:151.64,154.32 3 0
github.com/nilesh32236/vector-mcp-go/internal/indexer/resolver.go:154.32,156.17 2 0
github.com/nilesh32236/vector-mcp-go/internal/indexer/resolver.go:156.17,157.12 1 0
github.com/nilesh32236/vector-mcp-go/internal/indexer/resolver.go:159.3,162.70 2 0
github.com/nilesh32236/vector-mcp-go/internal/indexer/resolver.go:162.70,165.4 2 0
github.com/nilesh32236/vector-mcp-go/internal/indexer/resolver.go:169.71,171.43 1 0
github.com/nilesh32236/vector-mcp-go/internal/indexer/resolver.go:171.43,172.43 1 0
github.com/nilesh32236/vector-mcp-go/internal/indexer/resolver.go:172.43,174.4 1 0
github.com/nilesh32236/vector-mcp-go/internal/indexer/resolver.go:178.2,178.44 1 0
github.com/nilesh32236/vector-mcp-go/internal/indexer/resolver.go:178.44,179.28 1 0
github.com/nilesh32236/vector-mcp-go/internal/indexer/resolver.go:179.28,181.4 1 0
github.com/nilesh32236/vector-mcp-go/internal/indexer/resolver.go:182.3,182.49 1 0
github.com/nilesh32236/vector-mcp-go/internal/indexer/resolver.go:182.49,184.4 1 0
github.com/nilesh32236/vector-mcp-go/internal/indexer/resolver.go:187.2,187.18 1 0
github.com/nilesh32236/vector-mcp-go/internal/indexer/scanner.go:47.38,49.2 1 0
github.com/nilesh32236/vector-mcp-go/internal/indexer/scanner.go:68.88,74.16 4 0
github.com/nilesh32236/vector-mcp-go/internal/indexer/scanner.go:74.16,76.3 1 0
github.com/nilesh32236/vector-mcp-go/internal/indexer/scanner.go:77.2,81.29 4 0
github.com/nilesh32236/vector-mcp-go/internal/indexer/scanner.go:81.29,84.82 3 0
github.com/nilesh32236/vector-mcp-go/internal/indexer/scanner.go:84.82,86.12 2 0
github.com/nilesh32236/vector-mcp-go/internal/indexer/scanner.go:88.3,88.34 1 0
github.com/nilesh32236/vector-mcp-go/internal/indexer/scanner.go:91.2,91.34 1 0
github.com/nilesh32236/vector-mcp-go/internal/indexer/scanner.go:91.34,93.33 2 0
github.com/nilesh32236/vector-mcp-go/internal/indexer/scanner.go:93.33,94.74 1 0
github.com/nilesh32236/vector-mcp-go/internal/indexer/scanner.go:94.74,96.10 2 0
github.com/nilesh32236/vector-mcp-go/internal/indexer/scanner.go:99.3,99.13 1 0
github.com/nilesh32236/vector-mcp-go/internal/indexer/scanner.go:99.13,101.4 1 0
github.com/nilesh32236/vector-mcp-go/internal/indexer/scanner.go:104.2,104.23 1 0
github.com/nilesh32236/vector-mcp-go/internal/indexer/scanner.go:104.23,107.3 2 0
github.com/nilesh32236/vector-mcp-go/internal/indexer/scanner.go:109.2,113.40 4 0
github.com/nilesh32236/vector-mcp-go/internal/indexer/scanner.go:113.40,115.13 2 0
github.com/nilesh32236/vector-mcp-go/internal/indexer/scanner.go:115.13,117.28 2 0
github.com/nilesh32236/vector-mcp-go/internal/indexer/scanner.go:117.28,119.5 1 0
github.com/nilesh32236/vector-mcp-go/internal/indexer/scanner.go:123.2,123.12 1 0
github.com/nilesh32236/vector-mcp-go/internal/indexer/scanner.go:123.12,124.32 1 0
github.com/nilesh32236/vector-mcp-go/internal/indexer/scanner.go:124.32,126.4 1 0
github.com/nilesh32236/vector-mcp-go/internal/indexer/scanner.go:127.3,127.15 1 0
github.com/nilesh32236/vector-mcp-go/internal/indexer/scanner.go:130.2,130.12 1 0
github.com/nilesh32236/vector-mcp-go/internal/indexer/scanner.go:130.12,133.3 2 0
github.com/nilesh32236/vector-mcp-go/internal/indexer/scanner.go:135.2,138.25 4 0
github.com/nilesh32236/vector-mcp-go/internal/indexer/scanner.go:138.25,140.18 2 0
github.com/nilesh32236/vector-mcp-go/internal/indexer/scanner.go:140.18,142.4 1 0
github.com/nilesh32236/vector-mcp-go/internal/indexer/scanner.go:143.3,143.16 1 0
github.com/nilesh32236/vector-mcp-go/internal/indexer/scanner.go:143.16,146.4 2 0
github.com/nilesh32236/vector-mcp-go/internal/indexer/scanner.go:147.3,147.16 1 0
github.com/nilesh32236/vector-mcp-go/internal/indexer/scanner.go:147.16,149.4 1 0
github.com/nilesh32236/vector-mcp-go/internal/indexer/scanner.go:151.3,151.23 1 0
github.com/nilesh32236/vector-mcp-go/internal/indexer/scanner.go:151.23,155.4 3 0
github.com/nilesh32236/vector-mcp-go/internal/indexer/scanner.go:158.3,160.30 3 0
github.com/nilesh32236/vector-mcp-go/internal/indexer/scanner.go:160.30,162.4 1 0
github.com/nilesh32236/vector-mcp-go/internal/indexer/scanner.go:163.3,163.61 1 0
github.com/nilesh32236/vector-mcp-go/internal/indexer/scanner.go:166.2,166.20 1 0
github.com/nilesh32236/vector-mcp-go/internal/indexer/scanner.go:166.20,168.3 1 0
github.com/nilesh32236/vector-mcp-go/internal/indexer/scanner.go:170.2,170.21 1 0
github.com/nilesh32236/vector-mcp-go/internal/indexer/scanner.go:174.80,175.15 1 0
github.com/nilesh32236/vector-mcp-go/internal/indexer/scanner.go:175.15,176.31 1 0
github.com/nilesh32236/vector-mcp-go/internal/indexer/scanner.go:176.31,178.4 1 0
github.com/nilesh32236/vector-mcp-go/internal/indexer/scanner.go:181.2,183.16 3 0
github.com/nilesh32236/vector-mcp-go/internal/indexer/scanner.go:183.16,185.3 1 0
github.com/nilesh32236/vector-mcp-go/internal/indexer/scanner.go:188.2,189.44 2 0
github.com/nilesh32236/vector-mcp-go/internal/indexer/scanner.go:189.44,191.3 1 0
github.com/nilesh32236/vector-mcp-go/internal/indexer/scanner.go:191.8,193.3 1 0
github.com/nilesh32236/vector-mcp-go/internal/indexer/scanner.go:195.2,196.33 2 0
github.com/nilesh32236/vector-mcp-go/internal/indexer/scanner.go:196.33,198.3 1 0
github.com/nilesh32236/vector-mcp-go/internal/indexer/scanner.go:200.2,203.52 4 0
github.com/nilesh32236/vector-mcp-go/internal/indexer/scanner.go:203.52,205.3 1 0
github.com/nilesh32236/vector-mcp-go/internal/indexer/scanner.go:207.2,207.19 1 0
github.com/nilesh32236/vector-mcp-go/internal/indexer/scanner.go:207.19,209.17 2 0
github.com/nilesh32236/vector-mcp-go/internal/indexer/scanner.go:209.17,211.4 1 0
github.com/nilesh32236/vector-mcp-go/internal/indexer/scanner.go:212.3,213.37 2 0
github.com/nilesh32236/vector-mcp-go/internal/indexer/scanner.go:213.37,215.20 2 0
github.com/nilesh32236/vector-mcp-go/internal/indexer/scanner.go:215.20,216.13 1 0
github.com/nilesh32236/vector-mcp-go/internal/indexer/scanner.go:218.4,219.18 2 0
github.com/nilesh32236/vector-mcp-go/internal/indexer/scanner.go:219.18,222.5 2 0
github.com/nilesh32236/vector-mcp-go/internal/indexer/scanner.go:224.3,224.26 1 0
github.com/nilesh32236/vector-mcp-go/internal/indexer/scanner.go:225.8,227.17 2 0
github.com/nilesh32236/vector-mcp-go/internal/indexer/scanner.go:227.17,229.4 1 0
github.com/nilesh32236/vector-mcp-go/internal/indexer/scanner.go:230.3,230.31 1 0
github.com/nilesh32236/vector-mcp-go/internal/indexer/scanner.go:233.2,238.31 4 0
github.com/nilesh32236/vector-mcp-go/internal/indexer/scanner.go:238.31,240.3 1 0
github.com/nilesh32236/vector-mcp-go/internal/indexer/scanner.go:242.2,242.20 1 0
github.com/nilesh32236/vector-mcp-go/internal/indexer/scanner.go:242.20,244.17 2 0
github.com/nilesh32236/vector-mcp-go/internal/indexer/scanner.go:244.17,245.33 1 0
github.com/nilesh32236/vector-mcp-go/internal/indexer/scanner.go:245.33,268.5 4 0
github.com/nilesh32236/vector-mcp-go/internal/indexer/scanner.go:269.9,271.33 1 0
github.com/nilesh32236/vector-mcp-go/internal/indexer/scanner.go:271.33,273.19 2 0
github.com/nilesh32236/vector-mcp-go/internal/indexer/scanner.go:273.19,274.14 1 0
github.com/nilesh32236/vector-mcp-go/internal/indexer/scanner.go:276.5,297.7 4 0
github.com/nilesh32236/vector-mcp-go/internal/indexer/scanner.go:302.2,302.22 1 0
github.com/nilesh32236/vector-mcp-go/internal/indexer/scanner.go:302.22,305.3 2 0
github.com/nilesh32236/vector-mcp-go/internal/indexer/scanner.go:306.2,306.33 1 0
github.com/nilesh32236/vector-mcp-go/internal/indexer/scanner.go:310.99,312.19 2 0
github.com/nilesh32236/vector-mcp-go/internal/indexer/scanner.go:312.19,314.3 1 0
github.com/nilesh32236/vector-mcp-go/internal/indexer/scanner.go:315.2,315.17 1 0
github.com/nilesh32236/vector-mcp-go/internal/indexer/scanner.go:315.17,317.3 1 0
github.com/nilesh32236/vector-mcp-go/internal/indexer/scanner.go:318.2,318.64 1 0
github.com/nilesh32236/vector-mcp-go/internal/indexer/scanner.go:325.47,330.74 3 0
github.com/nilesh32236/vector-mcp-go/internal/indexer/scanner.go:330.74,332.3 1 0
github.com/nilesh32236/vector-mcp-go/internal/indexer/scanner.go:332.8,332.77 1 0
github.com/nilesh32236/vector-mcp-go/internal/indexer/scanner.go:332.77,334.3 1 0
github.com/nilesh32236/vector-mcp-go/internal/indexer/scanner.go:336.2,336.82 1 0
github.com/nilesh32236/vector-mcp-go/internal/indexer/scanner.go:336.82,337.17 1 0
github.com/nilesh32236/vector-mcp-go/internal/indexer/scanner.go:337.17,339.4 1 0
github.com/nilesh32236/vector-mcp-go/internal/indexer/scanner.go:341.3,342.21 2 0
github.com/nilesh32236/vector-mcp-go/internal/indexer/scanner.go:342.21,344.4 1 0
github.com/nilesh32236/vector-mcp-go/internal/indexer/scanner.go:347.3,347.19 1 0
github.com/nilesh32236/vector-mcp-go/internal/indexer/scanner.go:347.19,348.33 1 0
github.com/nilesh32236/vector-mcp-go/internal/indexer/scanner.go:348.33,350.5 1 0
github.com/nilesh32236/vector-mcp-go/internal/indexer/scanner.go:354.3,354.20 1 0
github.com/nilesh32236/vector-mcp-go/internal/indexer/scanner.go:354.20,355.34 1 0
github.com/nilesh32236/vector-mcp-go/internal/indexer/scanner.go:355.34,357.5 1 0
github.com/nilesh32236/vector-mcp-go/internal/indexer/scanner.go:361.3,361.53 1 0
github.com/nilesh32236/vector-mcp-go/internal/indexer/scanner.go:361.53,362.20 1 0
github.com/nilesh32236/vector-mcp-go/internal/indexer/scanner.go:362.20,364.5 1 0
github.com/nilesh32236/vector-mcp-go/internal/indexer/scanner.go:365.4,365.14 1 0
github.com/nilesh32236/vector-mcp-go/internal/indexer/scanner.go:368.3,368.19 1 0
github.com/nilesh32236/vector-mcp-go/internal/indexer/scanner.go:368.19,370.4 1 0
github.com/nilesh32236/vector-mcp-go/internal/indexer/scanner.go:372.3,374.31 3 0
github.com/nilesh32236/vector-mcp-go/internal/indexer/scanner.go:374.31,375.16 1 0
github.com/nilesh32236/vector-mcp-go/internal/indexer/scanner.go:375.16,377.10 2 0
github.com/nilesh32236/vector-mcp-go/internal/indexer/scanner.go:381.3,381.14 1 0
github.com/nilesh32236/vector-mcp-go/internal/indexer/scanner.go:381.14,383.4 1 0
github.com/nilesh32236/vector-mcp-go/internal/indexer/scanner.go:384.3,384.13 1 0
github.com/nilesh32236/vector-mcp-go/internal/indexer/scanner.go:386.2,386.19 1 0
github.com/nilesh32236/vector-mcp-go/internal/indexer/scanner.go:389.37,394.28 2 1
github.com/nilesh32236/vector-mcp-go/internal/indexer/scanner.go:394.28,395.16 1 1
github.com/nilesh32236/vector-mcp-go/internal/indexer/scanner.go:395.16,397.4 1 1
github.com/nilesh32236/vector-mcp-go/internal/indexer/scanner.go:399.2,399.14 1 1
github.com/nilesh32236/vector-mcp-go/internal/indexer/scanner.go:402.38,406.33 2 1
github.com/nilesh32236/vector-mcp-go/internal/indexer/scanner.go:406.33,407.16 1 1
github.com/nilesh32236/vector-mcp-go/internal/indexer/scanner.go:407.16,409.4 1 1
github.com/nilesh32236/vector-mcp-go/internal/indexer/scanner.go:412.2,415.36 2 1
github.com/nilesh32236/vector-mcp-go/internal/indexer/scanner.go:415.36,416.58 1 1
github.com/nilesh32236/vector-mcp-go/internal/indexer/scanner.go:416.58,418.4 1 1
github.com/nilesh32236/vector-mcp-go/internal/indexer/scanner.go:421.2,421.14 1 1
github.com/nilesh32236/vector-mcp-go/internal/indexer/scanner.go:424.43,426.16 2 1
github.com/nilesh32236/vector-mcp-go/internal/indexer/scanner.go:426.16,428.3 1 1
github.com/nilesh32236/vector-mcp-go/internal/indexer/scanner.go:429.2,432.41 3 1
github.com/nilesh32236/vector-mcp-go/internal/indexer/scanner.go:432.41,434.3 1 1
github.com/nilesh32236/vector-mcp-go/internal/indexer/scanner.go:436.2,436.44 1 1
